<?xml version="1.0" encoding="utf-8"?><testsuites name="pytest tests"><testsuite name="pytest" errors="0" failures="0" skipped="1" tests="30" time="8.637" timestamp="2026-05-08T22:15:01.221535+00:00" hostname="agent-env-ec5ade5a-5952-4268-b6c8-3555d85b1abe"><testcase classname="tests.test_mediassist_api.TestHealth" name="test_root" time="0.320" /><testcase classname="tests.test_mediassist_api.TestAuth" name="test_register_new_user" time="0.378" /><testcase classname="tests.test_mediassist_api.TestAuth" name="test_register_duplicate_email" time="0.353" /><testcase classname="tests.test_mediassist_api.TestAuth" name="test_login_success" time="0.289" /><testcase classname="tests.test_mediassist_api.TestAuth" name="test_login_wrong_password" time="0.293" /><testcase classname="tests.test_mediassist_api.TestAuth" name="test_me_with_token" time="0.063" /><testcase classname="tests.test_mediassist_api.TestAuth" name="test_me_without_token" time="0.058" /><testcase classname="tests.test_mediassist_api.TestAuth" name="test_update_profile" time="0.202" /><testcase classname="tests.test_mediassist_api.TestAuth" name="test_change_password_wrong_old" time="0.287" /><testcase classname="tests.test_mediassist_api.TestMedications" name="test_create_medication_computes_end_date" time="0.138" /><testcase classname="tests.test_mediassist_api.TestMedications" name="test_list_medications" time="0.131" /><testcase classname="tests.test_mediassist_api.TestMedications" name="test_get_medication" time="0.088" /><testcase classname="tests.test_mediassist_api.TestMedications" name="test_get_medication_not_found" time="0.067" /><testcase classname="tests.test_mediassist_api.TestMedications" name="test_update_medication" time="0.195" /><testcase classname="tests.test_mediassist_api.TestSchedule" name="test_today_schedule" time="0.134" /><testcase classname="tests.test_mediassist_api.TestSchedule" name="test_log_dose_taken" time="0.149" /><testcase classname="tests.test_mediassist_api.TestSchedule" name="test_log_dose_invalid_med" time="0.132" /><testcase classname="tests.test_mediassist_api.TestStats" name="test_summary" time="0.134" /><testcase classname="tests.test_mediassist_api.TestStats" name="test_adherence_chart" time="0.076" /><testcase classname="tests.test_mediassist_api.TestStats" name="test_per_med_adherence" time="0.127" /><testcase classname="tests.test_mediassist_api.TestPharmacy" name="test_nearby_default" time="0.064" /><testcase classname="tests.test_mediassist_api.TestPharmacy" name="test_nearby_oncall_only" time="0.062" /><testcase classname="tests.test_mediassist_api.TestPharmacy" name="test_nearby_small_radius" time="0.065" /><testcase classname="tests.test_mediassist_api.TestChat" name="test_chat_history_empty_or_list" time="0.078" /><testcase classname="tests.test_mediassist_api.TestChat" name="test_chat_send_validates_auth" time="0.113" /><testcase classname="tests.test_mediassist_api.TestChat" name="test_chat_send_authenticated" time="2.409"><skipped type="pytest.skip" message="AI budget likely exhausted: Internal Server Error">/app/backend/tests/test_mediassist_api.py:266: AI budget likely exhausted: Internal Server Error</skipped></testcase><testcase classname="tests.test_mediassist_api.TestChat" name="test_clear_chat" time="0.134" /><testcase classname="tests.test_mediassist_api.TestVision" name="test_vision_no_image" time="0.066" /><testcase classname="tests.test_mediassist_api.TestVision" name="test_vision_with_image" time="1.504" /><testcase classname="tests.test_mediassist_api.TestAccountDelete" name="test_delete_account_cascades" time="0.476" /></testsuite></testsuites>